Start testing: Dec 02 05:17 UTC
----------------------------------------------------------
Unable to find executable: test_lexer
1/1 Testing: LexerTest
1/1 Test: LexerTest
Command: ""
Directory: /home/workspace/projects/tesk/build/tests
"LexerTest" start time: 
Output:
----------------------------------------------------------
<end of output>
Test time =   0.00 sec
----------------------------------------------------------
Test Passed.
"LexerTest" end time: Dec 02 05:17 UTC
"LexerTest" time elapsed: 00:00:00
----------------------------------------------------------

End testing: Dec 02 05:17 UTC
